[29-Nov-2025 07:55:24 Europe/Berlin] DB Connection failed: SQLSTATE[HY000] [1049] Unknown database 'a'
[29-Nov-2025 07:55:24 Europe/Berlin] PHP Fatal error:  Uncaught Error: Call to a member function prepare() on null in C:\Xampp\htdocs\SMS-GCA-3H\Registrar\backend\models\Applicant.php:44
Stack trace:
#0 C:\Xampp\htdocs\SMS-GCA-3H\Registrar\backend\controllers\ApplicantController.php(12): Applicant->getApplicants()
#1 C:\Xampp\htdocs\SMS-GCA-3H\Registrar\backend\api\applicants\getApplicants.php(12): ApplicantController->getApplicants()
#2 {main}
  thrown in C:\Xampp\htdocs\SMS-GCA-3H\Registrar\backend\models\Applicant.php on line 44
[29-Nov-2025 07:55:29 Europe/Berlin] DB Connection failed: SQLSTATE[HY000] [1049] Unknown database 'a'
[29-Nov-2025 07:55:29 Europe/Berlin] PHP Fatal error:  Uncaught Error: Call to a member function prepare() on null in C:\Xampp\htdocs\SMS-GCA-3H\Registrar\backend\models\Applicant.php:44
Stack trace:
#0 C:\Xampp\htdocs\SMS-GCA-3H\Registrar\backend\controllers\ApplicantController.php(12): Applicant->getApplicants()
#1 C:\Xampp\htdocs\SMS-GCA-3H\Registrar\backend\api\applicants\getApplicants.php(12): ApplicantController->getApplicants()
#2 {main}
  thrown in C:\Xampp\htdocs\SMS-GCA-3H\Registrar\backend\models\Applicant.php on line 44
[29-Nov-2025 07:55:29 Europe/Berlin] DB Connection failed: SQLSTATE[HY000] [1049] Unknown database 'a'
[29-Nov-2025 07:55:29 Europe/Berlin] PHP Fatal error:  Uncaught Error: Call to a member function prepare() on null in C:\Xampp\htdocs\SMS-GCA-3H\Registrar\backend\models\Applicant.php:44
Stack trace:
#0 C:\Xampp\htdocs\SMS-GCA-3H\Registrar\backend\controllers\ApplicantController.php(12): Applicant->getApplicants()
#1 C:\Xampp\htdocs\SMS-GCA-3H\Registrar\backend\api\applicants\getApplicants.php(12): ApplicantController->getApplicants()
#2 {main}
  thrown in C:\Xampp\htdocs\SMS-GCA-3H\Registrar\backend\models\Applicant.php on line 44
[29-Nov-2025 07:55:34 Europe/Berlin] DB Connection failed: SQLSTATE[HY000] [1049] Unknown database 'a'
[29-Nov-2025 07:55:34 Europe/Berlin] PHP Fatal error:  Uncaught Error: Call to a member function prepare() on null in C:\Xampp\htdocs\SMS-GCA-3H\Registrar\backend\models\Applicant.php:44
Stack trace:
#0 C:\Xampp\htdocs\SMS-GCA-3H\Registrar\backend\controllers\ApplicantController.php(12): Applicant->getApplicants()
#1 C:\Xampp\htdocs\SMS-GCA-3H\Registrar\backend\api\applicants\getApplicants.php(12): ApplicantController->getApplicants()
#2 {main}
  thrown in C:\Xampp\htdocs\SMS-GCA-3H\Registrar\backend\models\Applicant.php on line 44
[29-Nov-2025 07:55:39 Europe/Berlin] DB Connection failed: SQLSTATE[HY000] [1049] Unknown database 'a'
[29-Nov-2025 07:55:39 Europe/Berlin] PHP Fatal error:  Uncaught Error: Call to a member function prepare() on null in C:\Xampp\htdocs\SMS-GCA-3H\Registrar\backend\models\Applicant.php:44
Stack trace:
#0 C:\Xampp\htdocs\SMS-GCA-3H\Registrar\backend\controllers\ApplicantController.php(12): Applicant->getApplicants()
#1 C:\Xampp\htdocs\SMS-GCA-3H\Registrar\backend\api\applicants\getApplicants.php(12): ApplicantController->getApplicants()
#2 {main}
  thrown in C:\Xampp\htdocs\SMS-GCA-3H\Registrar\backend\models\Applicant.php on line 44
[29-Nov-2025 07:55:44 Europe/Berlin] DB Connection failed: SQLSTATE[HY000] [1049] Unknown database 'a'
[29-Nov-2025 07:55:44 Europe/Berlin] PHP Fatal error:  Uncaught Error: Call to a member function prepare() on null in C:\Xampp\htdocs\SMS-GCA-3H\Registrar\backend\models\Applicant.php:44
Stack trace:
#0 C:\Xampp\htdocs\SMS-GCA-3H\Registrar\backend\controllers\ApplicantController.php(12): Applicant->getApplicants()
#1 C:\Xampp\htdocs\SMS-GCA-3H\Registrar\backend\api\applicants\getApplicants.php(12): ApplicantController->getApplicants()
#2 {main}
  thrown in C:\Xampp\htdocs\SMS-GCA-3H\Registrar\backend\models\Applicant.php on line 44
[29-Nov-2025 07:55:49 Europe/Berlin] DB Connection failed: SQLSTATE[HY000] [1049] Unknown database 'a'
[29-Nov-2025 07:55:49 Europe/Berlin] PHP Fatal error:  Uncaught Error: Call to a member function prepare() on null in C:\Xampp\htdocs\SMS-GCA-3H\Registrar\backend\models\Applicant.php:44
Stack trace:
#0 C:\Xampp\htdocs\SMS-GCA-3H\Registrar\backend\controllers\ApplicantController.php(12): Applicant->getApplicants()
#1 C:\Xampp\htdocs\SMS-GCA-3H\Registrar\backend\api\applicants\getApplicants.php(12): ApplicantController->getApplicants()
#2 {main}
  thrown in C:\Xampp\htdocs\SMS-GCA-3H\Registrar\backend\models\Applicant.php on line 44
[29-Nov-2025 07:55:54 Europe/Berlin] DB Connection failed: SQLSTATE[HY000] [1049] Unknown database 'a'
[29-Nov-2025 07:55:54 Europe/Berlin] PHP Fatal error:  Uncaught Error: Call to a member function prepare() on null in C:\Xampp\htdocs\SMS-GCA-3H\Registrar\backend\models\Applicant.php:44
Stack trace:
#0 C:\Xampp\htdocs\SMS-GCA-3H\Registrar\backend\controllers\ApplicantController.php(12): Applicant->getApplicants()
#1 C:\Xampp\htdocs\SMS-GCA-3H\Registrar\backend\api\applicants\getApplicants.php(12): ApplicantController->getApplicants()
#2 {main}
  thrown in C:\Xampp\htdocs\SMS-GCA-3H\Registrar\backend\models\Applicant.php on line 44
[29-Nov-2025 07:55:59 Europe/Berlin] DB Connection failed: SQLSTATE[HY000] [1049] Unknown database 'a'
[29-Nov-2025 07:55:59 Europe/Berlin] PHP Fatal error:  Uncaught Error: Call to a member function prepare() on null in C:\Xampp\htdocs\SMS-GCA-3H\Registrar\backend\models\Applicant.php:44
Stack trace:
#0 C:\Xampp\htdocs\SMS-GCA-3H\Registrar\backend\controllers\ApplicantController.php(12): Applicant->getApplicants()
#1 C:\Xampp\htdocs\SMS-GCA-3H\Registrar\backend\api\applicants\getApplicants.php(12): ApplicantController->getApplicants()
#2 {main}
  thrown in C:\Xampp\htdocs\SMS-GCA-3H\Registrar\backend\models\Applicant.php on line 44
[29-Nov-2025 07:56:04 Europe/Berlin] DB Connection failed: SQLSTATE[HY000] [1049] Unknown database 'a'
[29-Nov-2025 07:56:04 Europe/Berlin] PHP Fatal error:  Uncaught Error: Call to a member function prepare() on null in C:\Xampp\htdocs\SMS-GCA-3H\Registrar\backend\models\Applicant.php:44
Stack trace:
#0 C:\Xampp\htdocs\SMS-GCA-3H\Registrar\backend\controllers\ApplicantController.php(12): Applicant->getApplicants()
#1 C:\Xampp\htdocs\SMS-GCA-3H\Registrar\backend\api\applicants\getApplicants.php(12): ApplicantController->getApplicants()
#2 {main}
  thrown in C:\Xampp\htdocs\SMS-GCA-3H\Registrar\backend\models\Applicant.php on line 44
[29-Nov-2025 07:56:09 Europe/Berlin] DB Connection failed: SQLSTATE[HY000] [1049] Unknown database 'a'
[29-Nov-2025 07:56:09 Europe/Berlin] PHP Fatal error:  Uncaught Error: Call to a member function prepare() on null in C:\Xampp\htdocs\SMS-GCA-3H\Registrar\backend\models\Applicant.php:44
Stack trace:
#0 C:\Xampp\htdocs\SMS-GCA-3H\Registrar\backend\controllers\ApplicantController.php(12): Applicant->getApplicants()
#1 C:\Xampp\htdocs\SMS-GCA-3H\Registrar\backend\api\applicants\getApplicants.php(12): ApplicantController->getApplicants()
#2 {main}
  thrown in C:\Xampp\htdocs\SMS-GCA-3H\Registrar\backend\models\Applicant.php on line 44
[29-Nov-2025 07:56:14 Europe/Berlin] DB Connection failed: SQLSTATE[HY000] [1049] Unknown database 'a'
[29-Nov-2025 07:56:14 Europe/Berlin] PHP Fatal error:  Uncaught Error: Call to a member function prepare() on null in C:\Xampp\htdocs\SMS-GCA-3H\Registrar\backend\models\Applicant.php:44
Stack trace:
#0 C:\Xampp\htdocs\SMS-GCA-3H\Registrar\backend\controllers\ApplicantController.php(12): Applicant->getApplicants()
#1 C:\Xampp\htdocs\SMS-GCA-3H\Registrar\backend\api\applicants\getApplicants.php(12): ApplicantController->getApplicants()
#2 {main}
  thrown in C:\Xampp\htdocs\SMS-GCA-3H\Registrar\backend\models\Applicant.php on line 44
[29-Nov-2025 07:56:19 Europe/Berlin] PHP Fatal error:  Uncaught PDOException: SQLSTATE[42S02]: Base table or view not found: 1146 Table 'a.application' doesn't exist in C:\Xampp\htdocs\SMS-GCA-3H\Registrar\backend\models\Applicant.php:51
Stack trace:
#0 C:\Xampp\htdocs\SMS-GCA-3H\Registrar\backend\models\Applicant.php(51): PDOStatement->execute()
#1 C:\Xampp\htdocs\SMS-GCA-3H\Registrar\backend\controllers\ApplicantController.php(12): Applicant->getApplicants()
#2 C:\Xampp\htdocs\SMS-GCA-3H\Registrar\backend\api\applicants\getApplicants.php(12): ApplicantController->getApplicants()
#3 {main}
  thrown in C:\Xampp\htdocs\SMS-GCA-3H\Registrar\backend\models\Applicant.php on line 51
[29-Nov-2025 07:56:24 Europe/Berlin] PHP Fatal error:  Uncaught PDOException: SQLSTATE[42S02]: Base table or view not found: 1146 Table 'a.application' doesn't exist in C:\Xampp\htdocs\SMS-GCA-3H\Registrar\backend\models\Applicant.php:51
Stack trace:
#0 C:\Xampp\htdocs\SMS-GCA-3H\Registrar\backend\models\Applicant.php(51): PDOStatement->execute()
#1 C:\Xampp\htdocs\SMS-GCA-3H\Registrar\backend\controllers\ApplicantController.php(12): Applicant->getApplicants()
#2 C:\Xampp\htdocs\SMS-GCA-3H\Registrar\backend\api\applicants\getApplicants.php(12): ApplicantController->getApplicants()
#3 {main}
  thrown in C:\Xampp\htdocs\SMS-GCA-3H\Registrar\backend\models\Applicant.php on line 51
[29-Nov-2025 07:56:29 Europe/Berlin] PHP Fatal error:  Uncaught PDOException: SQLSTATE[42S02]: Base table or view not found: 1146 Table 'a.application' doesn't exist in C:\Xampp\htdocs\SMS-GCA-3H\Registrar\backend\models\Applicant.php:51
Stack trace:
#0 C:\Xampp\htdocs\SMS-GCA-3H\Registrar\backend\models\Applicant.php(51): PDOStatement->execute()
#1 C:\Xampp\htdocs\SMS-GCA-3H\Registrar\backend\controllers\ApplicantController.php(12): Applicant->getApplicants()
#2 C:\Xampp\htdocs\SMS-GCA-3H\Registrar\backend\api\applicants\getApplicants.php(12): ApplicantController->getApplicants()
#3 {main}
  thrown in C:\Xampp\htdocs\SMS-GCA-3H\Registrar\backend\models\Applicant.php on line 51
[29-Nov-2025 07:56:59 Europe/Berlin] DB Connection failed: SQLSTATE[HY000] [1049] Unknown database 'a'
[29-Nov-2025 07:56:59 Europe/Berlin] PHP Fatal error:  Uncaught Error: Call to a member function prepare() on null in C:\Xampp\htdocs\SMS-GCA-3H\Registrar\backend\models\Applicant.php:44
Stack trace:
#0 C:\Xampp\htdocs\SMS-GCA-3H\Registrar\backend\controllers\ApplicantController.php(12): Applicant->getApplicants()
#1 C:\Xampp\htdocs\SMS-GCA-3H\Registrar\backend\api\applicants\getApplicants.php(12): ApplicantController->getApplicants()
#2 {main}
  thrown in C:\Xampp\htdocs\SMS-GCA-3H\Registrar\backend\models\Applicant.php on line 44
